<?xml version="1.0" encoding="utf-8"?><testsuites name="pytest tests"><testsuite name="pytest" errors="0" failures="0" skipped="0" tests="17" time="17.462" timestamp="2026-05-11T10:22:13.861079+00:00" hostname="agent-env-93764387-38aa-4ee3-b9e6-144d341d03a1"><testcase classname="backend.tests.backend_test" name="test_login_invalid" time="0.268" /><testcase classname="backend.tests.backend_test" name="test_me" time="0.474" /><testcase classname="backend.tests.backend_test" name="test_register_and_login" time="0.687" /><testcase classname="backend.tests.backend_test" name="test_sites" time="0.104" /><testcase classname="backend.tests.backend_test" name="test_vendors" time="0.105" /><testcase classname="backend.tests.backend_test" name="test_materials" time="0.190" /><testcase classname="backend.tests.backend_test" name="test_inventory" time="0.104" /><testcase classname="backend.tests.backend_test" name="test_ai_extract[Need 50 bags Ultratech Cement OPC 53 tomorrow for Riverfront Site Surat.-en]" time="2.525" /><testcase classname="backend.tests.backend_test" name="test_ai_extract[\u0915\u0932 \u0930\u093f\u0935\u0930\u092b\u094d\u0930\u0902\u091f \u0938\u093e\u0907\u091f \u0938\u0942\u0930\u0924 \u0915\u0947 \u0932\u093f\u090f 50 \u092c\u0948\u0917 \u0905\u0932\u094d\u091f\u094d\u0930\u093e\u091f\u0947\u0915 \u0938\u0940\u092e\u0947\u0902\u091f \u091a\u093e\u0939\u093f\u090f\u0964-hi]" time="3.962" /><testcase classname="backend.tests.backend_test" name="test_ai_extract[\u0a86\u0ab5\u0aa4\u0ac0\u0a95\u0abe\u0ab2\u0ac7 \u0ab0\u0abf\u0ab5\u0ab0\u0aab\u0acd\u0ab0\u0aa8\u0acd\u0a9f \u0ab8\u0abe\u0a87\u0a9f \u0ab8\u0ac1\u0ab0\u0aa4 \u0aae\u0abe\u0a9f\u0ac7 50 \u0aac\u0ac7\u0a97 \u0a85\u0ab2\u0acd\u0a9f\u0acd\u0ab0\u0abe\u0a9f\u0ac7\u0a95 \u0ab8\u0abf\u0aae\u0ac7\u0aa8\u0acd\u0a9f \u0a9c\u0acb\u0a88\u0a8f.-gu]" time="5.016" /><testcase classname="backend.tests.backend_test" name="test_list_requests" time="0.251" /><testcase classname="backend.tests.backend_test" name="test_approve_and_generate_po" time="0.236" /><testcase classname="backend.tests.backend_test" name="test_po_status_transitions" time="0.472" /><testcase classname="backend.tests.backend_test" name="test_reject_request" time="0.232" /><testcase classname="backend.tests.backend_test" name="test_whatsapp_send" time="2.538" /><testcase classname="backend.tests.backend_test" name="test_analytics" time="0.106" /><testcase classname="backend.tests.backend_test" name="test_list_pos" time="0.114" /></testsuite></testsuites>